warning: Git tree '/home/lippiece/.config/nixos' is dirty
warning: updating lock file '/home/lippiece/.config/nixos/flake.lock':
• Updated input 'brave-nightly':
    'path:/nix/store/1hn47chp5ahslbcp4pxn8cypxvqfa997-source/flakes/brave?lastModified=1&narHash=sha256-%2BfpNqxHkUPVVWv4lakZ6tvW8luEuiumUZ7IJEdXMwi0%3D' (1970-01-01)
  → 'path:/nix/store/w513ny4d189qb1l6xsa1r96gp6x6z74s-source/flakes/brave?lastModified=1&narHash=sha256-%2BfpNqxHkUPVVWv4lakZ6tvW8luEuiumUZ7IJEdXMwi0%3D' (1970-01-01)
warning: Git tree '/home/lippiece/.config/nixos' is dirty
building the system configuration...
warning: Git tree '/home/lippiece/.config/nixos' is dirty
warning: updating lock file '/home/lippiece/.config/nixos/flake.lock':
• Updated input 'brave-nightly':
    'path:/nix/store/w513ny4d189qb1l6xsa1r96gp6x6z74s-source/flakes/brave?lastModified=1&narHash=sha256-%2BfpNqxHkUPVVWv4lakZ6tvW8luEuiumUZ7IJEdXMwi0%3D' (1970-01-01)
  → 'path:/nix/store/2dgq0af1inhgd6xh46znpskj64j183yz-source/flakes/brave?lastModified=1&narHash=sha256-%2BfpNqxHkUPVVWv4lakZ6tvW8luEuiumUZ7IJEdXMwi0%3D' (1970-01-01)
warning: Git tree '/home/lippiece/.config/nixos' is dirty
these 35 derivations will be built:
  /nix/store/sd5ijgk5bv51bhhaz3qdbqgfjzjngm06-set-environment.drv
  /nix/store/0kjcg68xq523yxj9wkwlpqm8m420cxsm-etc-fish-nixos-env-preinit.fish.drv
  /nix/store/rky4czzgjzmm759vhz2jaqdib09iaawi-intel-vaapi-driver-2.4.1.drv
  /nix/store/ljdvv1mkjxbqdd82bjaphsr7zf1yzg1r-graphics-drivers.drv
  /nix/store/hnjv01ii444b5qym26jplbxciirwb4kv-graphics-driver.conf.drv
  /nix/store/0zzajb5mrbcmld2b6ljs3m5lf4wpw0lv-tmpfiles.d.drv
  /nix/store/hzb5qaazhhr851rb01hmn6qfpkgdq8w3-steam-usr-target.drv
  /nix/store/xcadbwf5vac2p4vwxkxk26dvp3pjyblq-steam-fhs.drv
  /nix/store/c9di7iv1qn21j49c266nbx8a6s6n2l7h-steam-bwrap.drv
  /nix/store/6vx6kfw6ciyx6mrvnvk1vr0m0wysbip5-steam.drv
  /nix/store/j58g9hlw0n7bvcx3b8iaf7bn75ymrwjv-steam-run-usr-target.drv
  /nix/store/5hzsz8la5q514n0id413wzigl4h77vqq-steam-run-fhs.drv
  /nix/store/iiq87msmka7kcyx6xdl74qr6q46q1h70-steam-run-bwrap.drv
  /nix/store/p9yphygpgmi7smnnyzily4545zsslf3z-steam-run.drv
  /nix/store/scakc43zvj2rr84q8pibhwshccbfan6k-system-path.drv
  /nix/store/n8khy7qpkssca233kxskc4qpv9f5c121-dbus-1.drv
  /nix/store/lmzq2rpwlwvmc1ywc5ivyfw165fl7ym9-X-Restart-Triggers-dbus.drv
  /nix/store/5ha61458mc46k3r9cwxhryzncvvwkfyd-unit-dbus.service.drv
  /nix/store/5z0ykrnm5dgfphs7b1frr04svc82c9sy-etc-profile.drv
  /nix/store/6ncixf2y7swjjmlghyy8az6d9l6i9l47-steam_fish-completions.drv
  /nix/store/j2nzbq9a70iiiql1ydf53c22h3y9pcvi-unit-accounts-daemon.service.drv
  /nix/store/h1ihhbw3yqk81bn5z1rh3jz29bkr5wcc-X-Restart-Triggers-polkit.drv
  /nix/store/kxcicwv24wy4mnwkhapw62rr717x0r86-unit-polkit.service.drv
  /nix/store/qvnianiyf23vj7ba700dbc01cjrqg6il-X-Restart-Triggers-systemd-tmpfiles-resetup.drv
  /nix/store/l0lwwbfzrf6r0zzicfbjj4zw0adbvc69-unit-systemd-tmpfiles-resetup.service.drv
  /nix/store/bg1sl1xflnh8m246lsl9ya64r73s9a67-system-units.drv
  /nix/store/w84zmx6imql5yavbicnm5mgbc12a2b65-unit-dbus.service.drv
  /nix/store/ji6ywakg5ixjg30n23i4cyr9qrrm12yv-user-units.drv
  /nix/store/lnc7q477ncf3268wx49mh04zfpwfx2v7-steam-run_fish-completions.drv
  /nix/store/jq65i62c960cm7sximqkrvbb4gm09mdi-system_fish-completions.drv
  /nix/store/n1227yw71klpyq004bx4390siny8svyx-man-paths.drv
  /nix/store/yfpr8dn38mjxhr9wq66mq8sj5iwmrh9c-man-cache.drv
  /nix/store/ya5x7ibil12ghqirnjpq9gi3yc6xmwmi-etc-man_db.conf.drv
  /nix/store/b7xs9sjjyrv56ls13q3jh8b32k81ycc1-etc.drv
  /nix/store/a8acjbwyzxccg8gimj3mbbnnwj5xp87p-nixos-system-mothership-24.11.20240920.a1d9266.drv
these 15 paths will be fetched (7.67 MiB download, 79.36 MiB unpacked):
  /nix/store/0bpi9fd90ab12393rgpf4r343a2jmpn2-autoconf-2.72
  /nix/store/6nv2i05gbfs00hq3cxkgwdc9vz8w36hz-automake-1.16.5
  /nix/store/mw0fl910flxgsqc405g5hjqak4h7sk60-autoreconf-hook
  /nix/store/vlpnf63kqchc9rwbam1kffffxgv42vn0-cmrt-1.0.6
  /nix/store/ifc5xljyb6vdjdp33cr5rg6hyynia20m-intel-gpu-tools-1.29
  /nix/store/qkdj044g27q1wnavs95c93a0rmn1yzl5-intel-hybrid-driver-1.0.2
  /nix/store/c29mg2gxp1ah7w2f5vz70hyh0k6w4pxk-libdrm-2.4.122-dev
  /nix/store/l0v6rgq5b4jm30ykfkbv4p6widmkpy1m-liboping-1.10.0
  /nix/store/4yb891y4cnxmv53vbp2v9k36xc944z47-libva-2.22.0-dev
  /nix/store/wn9c4m1wkh4wamkf6iryjg04fdvcwl4j-source
  /nix/store/vnkj4a52dss86fm7fgqp97d9180dswxv-wayland-1.23.1-dev
  /nix/store/brvm2amwi0rqng04mjfavjcmd2g0ym4v-wayland-scanner-1.23.1
  /nix/store/iays6aji5z3liq6jnz9fc92k7x4r0xkh-wayland-scanner-1.23.1-bin
  /nix/store/0m1ggm1y9dj8r9cp4jd52k0k96rfinfp-wayland-scanner-1.23.1-dev
  /nix/store/2334hg0273jkgr7087x6dnq2if22mwqb-xmlrpc-c-1.51.07
building '/nix/store/sd5ijgk5bv51bhhaz3qdbqgfjzjngm06-set-environment.drv'...
copying path '/nix/store/wn9c4m1wkh4wamkf6iryjg04fdvcwl4j-source' from 'https://cache.nixos.org'...
copying path '/nix/store/vlpnf63kqchc9rwbam1kffffxgv42vn0-cmrt-1.0.6' from 'https://cache.nixos.org'...
copying path '/nix/store/brvm2amwi0rqng04mjfavjcmd2g0ym4v-wayland-scanner-1.23.1' from 'https://cache.nixos.org'...
copying path '/nix/store/c29mg2gxp1ah7w2f5vz70hyh0k6w4pxk-libdrm-2.4.122-dev' from 'https://cache.nixos.org'...
copying path '/nix/store/4yb891y4cnxmv53vbp2v9k36xc944z47-libva-2.22.0-dev' from 'https://cache.nixos.org'...
copying path '/nix/store/vnkj4a52dss86fm7fgqp97d9180dswxv-wayland-1.23.1-dev' from 'https://cache.nixos.org'...
copying path '/nix/store/0bpi9fd90ab12393rgpf4r343a2jmpn2-autoconf-2.72' from 'https://cache.nixos.org'...
copying path '/nix/store/6nv2i05gbfs00hq3cxkgwdc9vz8w36hz-automake-1.16.5' from 'https://cache.nixos.org'...
copying path '/nix/store/l0v6rgq5b4jm30ykfkbv4p6widmkpy1m-liboping-1.10.0' from 'https://cache.nixos.org'...
copying path '/nix/store/iays6aji5z3liq6jnz9fc92k7x4r0xkh-wayland-scanner-1.23.1-bin' from 'https://cache.nixos.org'...
copying path '/nix/store/2334hg0273jkgr7087x6dnq2if22mwqb-xmlrpc-c-1.51.07' from 'https://cache.nixos.org'...
building '/nix/store/0kjcg68xq523yxj9wkwlpqm8m420cxsm-etc-fish-nixos-env-preinit.fish.drv'...
building '/nix/store/5z0ykrnm5dgfphs7b1frr04svc82c9sy-etc-profile.drv'...
copying path '/nix/store/0m1ggm1y9dj8r9cp4jd52k0k96rfinfp-wayland-scanner-1.23.1-dev' from 'https://cache.nixos.org'...
copying path '/nix/store/qkdj044g27q1wnavs95c93a0rmn1yzl5-intel-hybrid-driver-1.0.2' from 'https://cache.nixos.org'...
copying path '/nix/store/ifc5xljyb6vdjdp33cr5rg6hyynia20m-intel-gpu-tools-1.29' from 'https://cache.nixos.org'...
copying path '/nix/store/mw0fl910flxgsqc405g5hjqak4h7sk60-autoreconf-hook' from 'https://cache.nixos.org'...
building '/nix/store/rky4czzgjzmm759vhz2jaqdib09iaawi-intel-vaapi-driver-2.4.1.drv'...
building '/nix/store/ljdvv1mkjxbqdd82bjaphsr7zf1yzg1r-graphics-drivers.drv'...
building '/nix/store/j58g9hlw0n7bvcx3b8iaf7bn75ymrwjv-steam-run-usr-target.drv'...
building '/nix/store/hzb5qaazhhr851rb01hmn6qfpkgdq8w3-steam-usr-target.drv'...
building '/nix/store/hnjv01ii444b5qym26jplbxciirwb4kv-graphics-driver.conf.drv'...
building '/nix/store/0zzajb5mrbcmld2b6ljs3m5lf4wpw0lv-tmpfiles.d.drv'...
building '/nix/store/qvnianiyf23vj7ba700dbc01cjrqg6il-X-Restart-Triggers-systemd-tmpfiles-resetup.drv'...
building '/nix/store/5hzsz8la5q514n0id413wzigl4h77vqq-steam-run-fhs.drv'...
building '/nix/store/l0lwwbfzrf6r0zzicfbjj4zw0adbvc69-unit-systemd-tmpfiles-resetup.service.drv'...
building '/nix/store/xcadbwf5vac2p4vwxkxk26dvp3pjyblq-steam-fhs.drv'...
building '/nix/store/iiq87msmka7kcyx6xdl74qr6q46q1h70-steam-run-bwrap.drv'...
building '/nix/store/c9di7iv1qn21j49c266nbx8a6s6n2l7h-steam-bwrap.drv'...
building '/nix/store/p9yphygpgmi7smnnyzily4545zsslf3z-steam-run.drv'...
building '/nix/store/6vx6kfw6ciyx6mrvnvk1vr0m0wysbip5-steam.drv'...
building '/nix/store/lnc7q477ncf3268wx49mh04zfpwfx2v7-steam-run_fish-completions.drv'...
building '/nix/store/n1227yw71klpyq004bx4390siny8svyx-man-paths.drv'...
building '/nix/store/6ncixf2y7swjjmlghyy8az6d9l6i9l47-steam_fish-completions.drv'...
building '/nix/store/scakc43zvj2rr84q8pibhwshccbfan6k-system-path.drv'...
building '/nix/store/jq65i62c960cm7sximqkrvbb4gm09mdi-system_fish-completions.drv'...
building '/nix/store/yfpr8dn38mjxhr9wq66mq8sj5iwmrh9c-man-cache.drv'...
building '/nix/store/h1ihhbw3yqk81bn5z1rh3jz29bkr5wcc-X-Restart-Triggers-polkit.drv'...
building '/nix/store/n8khy7qpkssca233kxskc4qpv9f5c121-dbus-1.drv'...
building '/nix/store/j2nzbq9a70iiiql1ydf53c22h3y9pcvi-unit-accounts-daemon.service.drv'...
building '/nix/store/lmzq2rpwlwvmc1ywc5ivyfw165fl7ym9-X-Restart-Triggers-dbus.drv'...
building '/nix/store/kxcicwv24wy4mnwkhapw62rr717x0r86-unit-polkit.service.drv'...
building '/nix/store/5ha61458mc46k3r9cwxhryzncvvwkfyd-unit-dbus.service.drv'...
building '/nix/store/w84zmx6imql5yavbicnm5mgbc12a2b65-unit-dbus.service.drv'...
building '/nix/store/bg1sl1xflnh8m246lsl9ya64r73s9a67-system-units.drv'...
building '/nix/store/ji6ywakg5ixjg30n23i4cyr9qrrm12yv-user-units.drv'...
building '/nix/store/ya5x7ibil12ghqirnjpq9gi3yc6xmwmi-etc-man_db.conf.drv'...
building '/nix/store/b7xs9sjjyrv56ls13q3jh8b32k81ycc1-etc.drv'...
building '/nix/store/a8acjbwyzxccg8gimj3mbbnnwj5xp87p-nixos-system-mothership-24.11.20240920.a1d9266.drv'...
stopping the following units: accounts-daemon.service, systemd-tmpfiles-resetup.service
activating the configuration...
setting up /etc...
reloading user units for lippiece...
restarting sysinit-reactivation.target
reloading the following units: dbus.service
restarting the following units: polkit.service
starting the following units: accounts-daemon.service, systemd-tmpfiles-resetup.service
